<?xml version="1.0" encoding="UTF-8"?>
<!-- Generated by org.testng.reporters.JUnitXMLReporter -->
<testsuite hostname="THSLT10073" ignored="0" name="Coin Tc" tests="5" failures="0" timestamp="2020-12-07T20:57:53 IST" time="271.049" errors="0">
  <testcase name="Binancelogin" time="73.646" classname="ALLCOINS.binance"/>
  <testcase name="ITClogin" time="43.252" classname="ALLCOINS.itc"/>
  <testcase name="NEMlogin" time="85.152" classname="ALLCOINS.nem"/>
  <testcase name="Tetherlogin" time="36.91" classname="ALLCOINS.tether"/>
  <testcase name="Tronlogin" time="31.646" classname="ALLCOINS.tron"/>
</testsuite> <!-- Coin Tc -->
